00:00:00.001376 VirtualBox DHCP Server 6.1.14 r140239 linux.amd64 (Sep  7 2020 21:01:30) release log
00:00:00.001377 Log opened 2020-09-24T05:14:23.163860000Z
00:00:00.001378 Build Type: release
00:00:00.001379 OS Product: Linux
00:00:00.001380 OS Release: 5.8.10-arch1-1
00:00:00.001381 OS Version: #1 SMP PREEMPT Thu, 17 Sep 2020 18:01:06 +0000
00:00:00.001396 DMI Product Name: X556UQK
00:00:00.001402 DMI Product Version: 1.0       
00:00:00.001405 Firmware type: UEFI
00:00:00.002281 Secure Boot: Disabled
00:00:00.002329 Host RAM: 7713MB (7.5GB) total, 5820MB (5.6GB) available
00:00:00.002331 Executable: /usr/lib/virtualbox/VBoxNetDHCP
00:00:00.002332 Process ID: 7646
00:00:00.002332 Package type: LINUX_64BITS_GENERIC (OSE)
00:00:00.002371 --config:  HostInterfaceNetworking-vboxnet0
00:00:00.002374 --comment: HostInterfaceNetworking-vboxnet0
00:00:00.002489 IP address:   192.168.56.100/24
00:00:00.002497 Address pool: 192.168.56.101 - 192.168.56.254
00:00:00.002518 MAC address is not specified: will use generated MAC 08:00:27:0f:e2:55
00:00:00.002523 Db::i_enterFixedAddressAssignment: 08:00:27:0f:e2:55: 192.168.56.100
00:00:00.002527 loading leases from /home/nice/.config/VirtualBox/HostInterfaceNetworking-vboxnet0-Dhcpd.leases
00:00:00.002559 > LOAD: EXPIRED lease 192.168.56.101 to 08:00:27:75:a3:ed, expired, valid from 2020-09-24T04:57:20Z for 600s until 2020-09-24T05:07:20Z
00:00:06.997945 DISCOVER xid 0x00000f15 chaddr 08:00:27:48:a2:fd
00:00:06.997980  ciaddr 0.0.0.0
00:00:06.997986  params { 1 3 6 28 }
00:00:06.997996 > allocateAddress to client 08:00:27:48:a2:fd
00:00:06.998000 > .... noted expired binding 192.168.56.101 to 08:00:27:75:a3:ed, expired, valid from 2020-09-24T04:57:20Z for 600s until 2020-09-24T05:07:20Z
00:00:06.998011 > .... creating new binding
00:00:06.998013 > .... allocated 192.168.56.102 free
00:00:06.998015 Lease time 600 secs (default)
00:00:06.998019 >>> requested option 1 (SubnetMask)
00:00:06.998021 ... always supplied
00:00:06.998023 >>> requested option 3 (Routers)
00:00:06.998025 ... not found
00:00:06.998027 >>> requested option 6 (DNSes)
00:00:06.998028 ... not found
00:00:06.998030 >>> requested option 28 (BroadcastAddress)
00:00:06.998032 ... not found
00:00:06.998037 encoding option 1 (SubnetMask)
00:00:06.998039 encoding option 51 (LeaseTime)
00:00:06.998041 OFFER xid 0x00000f15 chaddr 08:00:27:48:a2:fd
00:00:06.998047  ciaddr 0.0.0.0 yiaddr 192.168.56.102
00:00:06.998053 encoded message: 548 bytes
00:00:06.998054 00007f4fc0001240/0000: 02 01 06 00 15 0f 00 00-00 00 00 00 00 00 00 00 ................
00:00:06.998062 00007f4fc0001250/0010: c0 a8 38 66 00 00 00 00-00 00 00 00 08 00 27 48 ..8f..........'H
00:00:06.998064 00007f4fc0001260/0020: a2 fd 00 00 00 00 00 00-00 00 00 00 00 00 00 00 ................
00:00:06.998066 00007f4fc0001270/0030: 00 00 00 00 00 00 00 00-00 00 00 00 00 00 00 00 ................
00:00:06.998067 00007f4fc0001280/0040: 00 00 00 00 00 00 00 00-00 00 00 00 00 00 00 00 ................
00:00:06.998069 00007f4fc0001290/0050: 00 00 00 00 00 00 00 00-00 00 00 00 00 00 00 00 ................
00:00:06.998071 00007f4fc00012a0/0060: 00 00 00 00 00 00 00 00-00 00 00 00 00 00 00 00 ................
00:00:06.998072 00007f4fc00012b0/0070: 00 00 00 00 00 00 00 00-00 00 00 00 00 00 00 00 ................
00:00:06.998074 00007f4fc00012c0/0080: 00 00 00 00 00 00 00 00-00 00 00 00 00 00 00 00 ................
00:00:06.998075 00007f4fc00012d0/0090: 00 00 00 00 00 00 00 00-00 00 00 00 00 00 00 00 ................
00:00:06.998077 00007f4fc00012e0/00a0: 00 00 00 00 00 00 00 00-00 00 00 00 00 00 00 00 ................
00:00:06.998079 00007f4fc00012f0/00b0: 00 00 00 00 00 00 00 00-00 00 00 00 00 00 00 00 ................
00:00:06.998080 00007f4fc0001300/00c0: 00 00 00 00 00 00 00 00-00 00 00 00 00 00 00 00 ................
00:00:06.998082 00007f4fc0001310/00d0: 00 00 00 00 00 00 00 00-00 00 00 00 00 00 00 00 ................
00:00:06.998083 00007f4fc0001320/00e0: 00 00 00 00 00 00 00 00-00 00 00 00 63 82 53 63 ............c.Sc
00:00:06.998085 00007f4fc0001330/00f0: 36 04 c0 a8 38 64 35 01-02 01 04 ff ff ff 00 33 6...8d5........3
00:00:06.998087 00007f4fc0001340/0100: 04 00 00 02 58 ff 00 00-00 00 00 00 00 00 00 00 ....X...........
00:00:06.998088 00007f4fc0001350/0110: 00 00 00 00 00 00 00 00-00 00 00 00 00 00 00 00 ................
00:00:06.998090 00007f4fc0001360/0120: 00 00 00 00 00 00 00 00-00 00 00 00 00 00 00 00 ................
00:00:06.998092 00007f4fc0001370/0130: 00 00 00 00 00 00 00 00-00 00 00 00 00 00 00 00 ................
00:00:06.998093 00007f4fc0001380/0140: 00 00 00 00 00 00 00 00-00 00 00 00 00 00 00 00 ................
00:00:06.998095 00007f4fc0001390/0150: 00 00 00 00 00 00 00 00-00 00 00 00 00 00 00 00 ................
00:00:06.998096 00007f4fc00013a0/0160: 00 00 00 00 00 00 00 00-00 00 00 00 00 00 00 00 ................
00:00:06.998098 00007f4fc00013b0/0170: 00 00 00 00 00 00 00 00-00 00 00 00 00 00 00 00 ................
00:00:06.998100 00007f4fc00013c0/0180: 00 00 00 00 00 00 00 00-00 00 00 00 00 00 00 00 ................
00:00:06.998101 00007f4fc00013d0/0190: 00 00 00 00 00 00 00 00-00 00 00 00 00 00 00 00 ................
00:00:06.998103 00007f4fc00013e0/01a0: 00 00 00 00 00 00 00 00-00 00 00 00 00 00 00 00 ................
00:00:06.998104 00007f4fc00013f0/01b0: 00 00 00 00 00 00 00 00-00 00 00 00 00 00 00 00 ................
00:00:06.998106 00007f4fc0001400/01c0: 00 00 00 00 00 00 00 00-00 00 00 00 00 00 00 00 ................
00:00:06.998108 00007f4fc0001410/01d0: 00 00 00 00 00 00 00 00-00 00 00 00 00 00 00 00 ................
00:00:06.998109 00007f4fc0001420/01e0: 00 00 00 00 00 00 00 00-00 00 00 00 00 00 00 00 ................
00:00:06.998111 00007f4fc0001430/01f0: 00 00 00 00 00 00 00 00-00 00 00 00 00 00 00 00 ................
00:00:06.998112 00007f4fc0001440/0200: 00 00 00 00 00 00 00 00-00 00 00 00 00 00 00 00 ................
00:00:06.998114 00007f4fc0001450/0210: 00 00 00 00 00 00 00 00-00 00 00 00 00 00 00 00 ................
00:00:06.998116 00007f4fc0001460/0220: 00 00 00 00                                     ....
00:00:06.998706 REQUEST xid 0x00000f16 chaddr 08:00:27:48:a2:fd
00:00:06.998793  ciaddr 0.0.0.0
00:00:06.998797  for server 192.168.56.100 requested address 192.168.56.102
00:00:06.998805  params { 1 3 6 28 }
00:00:06.998815   54: c0 a8 38 64
00:00:06.998819 > allocateAddress 192.168.56.102 to client 08:00:27:48:a2:fd
00:00:06.998824 > ... found existing binding 192.168.56.102 to 08:00:27:48:a2:fd, offered, valid from 2020-09-24T05:14:30Z for 600s until 2020-09-24T05:24:30Z
00:00:06.998831 Lease time 600 secs (default)
00:00:06.998834 writing leases to /home/nice/.config/VirtualBox/HostInterfaceNetworking-vboxnet0-Dhcpd.leases
00:00:07.007128 >>> requested option 1 (SubnetMask)
00:00:07.007158 ... always supplied
00:00:07.007161 >>> requested option 3 (Routers)
00:00:07.007164 ... not found
00:00:07.007167 >>> requested option 6 (DNSes)
00:00:07.007169 ... not found
00:00:07.007172 >>> requested option 28 (BroadcastAddress)
00:00:07.007174 ... not found
00:00:07.007180 encoding option 1 (SubnetMask)
00:00:07.007183 encoding option 51 (LeaseTime)
00:00:07.007188 ACK xid 0x00000f16 chaddr 08:00:27:48:a2:fd
00:00:07.007199  ciaddr 0.0.0.0 yiaddr 192.168.56.102
00:00:07.007209 encoded message: 548 bytes
00:00:07.007211 00007f4fc0001240/0000: 02 01 06 00 16 0f 00 00-00 00 00 00 00 00 00 00 ................
00:00:07.007215 00007f4fc0001250/0010: c0 a8 38 66 00 00 00 00-00 00 00 00 08 00 27 48 ..8f..........'H
00:00:07.007218 00007f4fc0001260/0020: a2 fd 00 00 00 00 00 00-00 00 00 00 00 00 00 00 ................
00:00:07.007220 00007f4fc0001270/0030: 00 00 00 00 00 00 00 00-00 00 00 00 00 00 00 00 ................
00:00:07.007223 00007f4fc0001280/0040: 00 00 00 00 00 00 00 00-00 00 00 00 00 00 00 00 ................
00:00:07.007226 00007f4fc0001290/0050: 00 00 00 00 00 00 00 00-00 00 00 00 00 00 00 00 ................
00:00:07.007228 00007f4fc00012a0/0060: 00 00 00 00 00 00 00 00-00 00 00 00 00 00 00 00 ................
00:00:07.007231 00007f4fc00012b0/0070: 00 00 00 00 00 00 00 00-00 00 00 00 00 00 00 00 ................
00:00:07.007233 00007f4fc00012c0/0080: 00 00 00 00 00 00 00 00-00 00 00 00 00 00 00 00 ................
00:00:07.007236 00007f4fc00012d0/0090: 00 00 00 00 00 00 00 00-00 00 00 00 00 00 00 00 ................
00:00:07.007239 00007f4fc00012e0/00a0: 00 00 00 00 00 00 00 00-00 00 00 00 00 00 00 00 ................
00:00:07.007241 00007f4fc00012f0/00b0: 00 00 00 00 00 00 00 00-00 00 00 00 00 00 00 00 ................
00:00:07.007244 00007f4fc0001300/00c0: 00 00 00 00 00 00 00 00-00 00 00 00 00 00 00 00 ................
00:00:07.007247 00007f4fc0001310/00d0: 00 00 00 00 00 00 00 00-00 00 00 00 00 00 00 00 ................
00:00:07.007249 00007f4fc0001320/00e0: 00 00 00 00 00 00 00 00-00 00 00 00 63 82 53 63 ............c.Sc
00:00:07.007252 00007f4fc0001330/00f0: 36 04 c0 a8 38 64 35 01-05 01 04 ff ff ff 00 33 6...8d5........3
00:00:07.007254 00007f4fc0001340/0100: 04 00 00 02 58 ff 00 00-00 00 00 00 00 00 00 00 ....X...........
00:00:07.007257 00007f4fc0001350/0110: 00 00 00 00 00 00 00 00-00 00 00 00 00 00 00 00 ................
00:00:07.007260 00007f4fc0001360/0120: 00 00 00 00 00 00 00 00-00 00 00 00 00 00 00 00 ................
00:00:07.007262 00007f4fc0001370/0130: 00 00 00 00 00 00 00 00-00 00 00 00 00 00 00 00 ................
00:00:07.007265 00007f4fc0001380/0140: 00 00 00 00 00 00 00 00-00 00 00 00 00 00 00 00 ................
00:00:07.007268 00007f4fc0001390/0150: 00 00 00 00 00 00 00 00-00 00 00 00 00 00 00 00 ................
00:00:07.007271 00007f4fc00013a0/0160: 00 00 00 00 00 00 00 00-00 00 00 00 00 00 00 00 ................
00:00:07.007273 00007f4fc00013b0/0170: 00 00 00 00 00 00 00 00-00 00 00 00 00 00 00 00 ................
00:00:07.007276 00007f4fc00013c0/0180: 00 00 00 00 00 00 00 00-00 00 00 00 00 00 00 00 ................
00:00:07.007278 00007f4fc00013d0/0190: 00 00 00 00 00 00 00 00-00 00 00 00 00 00 00 00 ................
00:00:07.007281 00007f4fc00013e0/01a0: 00 00 00 00 00 00 00 00-00 00 00 00 00 00 00 00 ................
00:00:07.007284 00007f4fc00013f0/01b0: 00 00 00 00 00 00 00 00-00 00 00 00 00 00 00 00 ................
00:00:07.007287 00007f4fc0001400/01c0: 00 00 00 00 00 00 00 00-00 00 00 00 00 00 00 00 ................
00:00:07.007291 00007f4fc0001410/01d0: 00 00 00 00 00 00 00 00-00 00 00 00 00 00 00 00 ................
00:00:07.007294 00007f4fc0001420/01e0: 00 00 00 00 00 00 00 00-00 00 00 00 00 00 00 00 ................
00:00:07.007297 00007f4fc0001430/01f0: 00 00 00 00 00 00 00 00-00 00 00 00 00 00 00 00 ................
00:00:07.007300 00007f4fc0001440/0200: 00 00 00 00 00 00 00 00-00 00 00 00 00 00 00 00 ................
00:00:07.007304 00007f4fc0001450/0210: 00 00 00 00 00 00 00 00-00 00 00 00 00 00 00 00 ................
00:00:07.007307 00007f4fc0001460/0220: 00 00 00 00                                     ....
00:02:12.413194 DISCOVER xid 0x000010dd chaddr 08:00:27:48:a2:fd
00:02:12.413222  ciaddr 0.0.0.0
00:02:12.413229  params { 1 3 6 28 }
00:02:12.413242 > allocateAddress to client 08:00:27:48:a2:fd
00:02:12.413247 > ... found existing binding 192.168.56.102 to 08:00:27:48:a2:fd, acked, valid from 2020-09-24T05:14:30Z for 600s until 2020-09-24T05:24:30Z
00:02:12.413254 Lease time 600 secs (default)
00:02:12.413259 >>> requested option 1 (SubnetMask)
00:02:12.413261 ... always supplied
00:02:12.413263 >>> requested option 3 (Routers)
00:02:12.413266 ... not found
00:02:12.413268 >>> requested option 6 (DNSes)
00:02:12.413270 ... not found
00:02:12.413272 >>> requested option 28 (BroadcastAddress)
00:02:12.413274 ... not found
00:02:12.413278 encoding option 1 (SubnetMask)
00:02:12.413280 encoding option 51 (LeaseTime)
00:02:12.413283 OFFER xid 0x000010dd chaddr 08:00:27:48:a2:fd
00:02:12.413289  ciaddr 0.0.0.0 yiaddr 192.168.56.102
00:02:12.413296 encoded message: 548 bytes
00:02:12.413297 00007f4fc0001240/0000: 02 01 06 00 dd 10 00 00-00 00 00 00 00 00 00 00 ................
00:02:12.413300 00007f4fc0001250/0010: c0 a8 38 66 00 00 00 00-00 00 00 00 08 00 27 48 ..8f..........'H
00:02:12.413301 00007f4fc0001260/0020: a2 fd 00 00 00 00 00 00-00 00 00 00 00 00 00 00 ................
00:02:12.413303 00007f4fc0001270/0030: 00 00 00 00 00 00 00 00-00 00 00 00 00 00 00 00 ................
00:02:12.413305 00007f4fc0001280/0040: 00 00 00 00 00 00 00 00-00 00 00 00 00 00 00 00 ................
00:02:12.413306 00007f4fc0001290/0050: 00 00 00 00 00 00 00 00-00 00 00 00 00 00 00 00 ................
00:02:12.413308 00007f4fc00012a0/0060: 00 00 00 00 00 00 00 00-00 00 00 00 00 00 00 00 ................
00:02:12.413310 00007f4fc00012b0/0070: 00 00 00 00 00 00 00 00-00 00 00 00 00 00 00 00 ................
00:02:12.413311 00007f4fc00012c0/0080: 00 00 00 00 00 00 00 00-00 00 00 00 00 00 00 00 ................
00:02:12.413313 00007f4fc00012d0/0090: 00 00 00 00 00 00 00 00-00 00 00 00 00 00 00 00 ................
00:02:12.413314 00007f4fc00012e0/00a0: 00 00 00 00 00 00 00 00-00 00 00 00 00 00 00 00 ................
00:02:12.413316 00007f4fc00012f0/00b0: 00 00 00 00 00 00 00 00-00 00 00 00 00 00 00 00 ................
00:02:12.413317 00007f4fc0001300/00c0: 00 00 00 00 00 00 00 00-00 00 00 00 00 00 00 00 ................
00:02:12.413319 00007f4fc0001310/00d0: 00 00 00 00 00 00 00 00-00 00 00 00 00 00 00 00 ................
00:02:12.413321 00007f4fc0001320/00e0: 00 00 00 00 00 00 00 00-00 00 00 00 63 82 53 63 ............c.Sc
00:02:12.413322 00007f4fc0001330/00f0: 36 04 c0 a8 38 64 35 01-02 01 04 ff ff ff 00 33 6...8d5........3
00:02:12.413324 00007f4fc0001340/0100: 04 00 00 02 58 ff 00 00-00 00 00 00 00 00 00 00 ....X...........
00:02:12.413326 00007f4fc0001350/0110: 00 00 00 00 00 00 00 00-00 00 00 00 00 00 00 00 ................
00:02:12.413327 00007f4fc0001360/0120: 00 00 00 00 00 00 00 00-00 00 00 00 00 00 00 00 ................
00:02:12.413329 00007f4fc0001370/0130: 00 00 00 00 00 00 00 00-00 00 00 00 00 00 00 00 ................
00:02:12.413330 00007f4fc0001380/0140: 00 00 00 00 00 00 00 00-00 00 00 00 00 00 00 00 ................
00:02:12.413332 00007f4fc0001390/0150: 00 00 00 00 00 00 00 00-00 00 00 00 00 00 00 00 ................
00:02:12.413334 00007f4fc00013a0/0160: 00 00 00 00 00 00 00 00-00 00 00 00 00 00 00 00 ................
00:02:12.413335 00007f4fc00013b0/0170: 00 00 00 00 00 00 00 00-00 00 00 00 00 00 00 00 ................
00:02:12.413337 00007f4fc00013c0/0180: 00 00 00 00 00 00 00 00-00 00 00 00 00 00 00 00 ................
00:02:12.413338 00007f4fc00013d0/0190: 00 00 00 00 00 00 00 00-00 00 00 00 00 00 00 00 ................
00:02:12.413340 00007f4fc00013e0/01a0: 00 00 00 00 00 00 00 00-00 00 00 00 00 00 00 00 ................
00:02:12.413342 00007f4fc00013f0/01b0: 00 00 00 00 00 00 00 00-00 00 00 00 00 00 00 00 ................
00:02:12.413343 00007f4fc0001400/01c0: 00 00 00 00 00 00 00 00-00 00 00 00 00 00 00 00 ................
00:02:12.413345 00007f4fc0001410/01d0: 00 00 00 00 00 00 00 00-00 00 00 00 00 00 00 00 ................
00:02:12.413346 00007f4fc0001420/01e0: 00 00 00 00 00 00 00 00-00 00 00 00 00 00 00 00 ................
00:02:12.413348 00007f4fc0001430/01f0: 00 00 00 00 00 00 00 00-00 00 00 00 00 00 00 00 ................
00:02:12.413350 00007f4fc0001440/0200: 00 00 00 00 00 00 00 00-00 00 00 00 00 00 00 00 ................
00:02:12.413351 00007f4fc0001450/0210: 00 00 00 00 00 00 00 00-00 00 00 00 00 00 00 00 ................
00:02:12.413353 00007f4fc0001460/0220: 00 00 00 00                                     ....
00:02:12.414923 REQUEST xid 0x000010de chaddr 08:00:27:48:a2:fd
00:02:12.414954  ciaddr 0.0.0.0
00:02:12.414960  for server 192.168.56.100 requested address 192.168.56.102
00:02:12.414970  params { 1 3 6 28 }
00:02:12.414986   54: c0 a8 38 64
00:02:12.414991 > allocateAddress 192.168.56.102 to client 08:00:27:48:a2:fd
00:02:12.414997 > ... found existing binding 192.168.56.102 to 08:00:27:48:a2:fd, acked, valid from 2020-09-24T05:16:35Z for 600s until 2020-09-24T05:26:35Z
00:02:12.415006 Lease time 600 secs (default)
00:02:12.415010 writing leases to /home/nice/.config/VirtualBox/HostInterfaceNetworking-vboxnet0-Dhcpd.leases
00:02:12.418175 >>> requested option 1 (SubnetMask)
00:02:12.418191 ... always supplied
00:02:12.418193 >>> requested option 3 (Routers)
00:02:12.418196 ... not found
00:02:12.418198 >>> requested option 6 (DNSes)
00:02:12.418209 ... not found
00:02:12.418211 >>> requested option 28 (BroadcastAddress)
00:02:12.418213 ... not found
00:02:12.418216 encoding option 1 (SubnetMask)
00:02:12.418218 encoding option 51 (LeaseTime)
00:02:12.418221 ACK xid 0x000010de chaddr 08:00:27:48:a2:fd
00:02:12.418228  ciaddr 0.0.0.0 yiaddr 192.168.56.102
00:02:12.418234 encoded message: 548 bytes
00:02:12.418236 00007f4fc0001240/0000: 02 01 06 00 de 10 00 00-00 00 00 00 00 00 00 00 ................
00:02:12.418238 00007f4fc0001250/0010: c0 a8 38 66 00 00 00 00-00 00 00 00 08 00 27 48 ..8f..........'H
00:02:12.418240 00007f4fc0001260/0020: a2 fd 00 00 00 00 00 00-00 00 00 00 00 00 00 00 ................
00:02:12.418242 00007f4fc0001270/0030: 00 00 00 00 00 00 00 00-00 00 00 00 00 00 00 00 ................
00:02:12.418243 00007f4fc0001280/0040: 00 00 00 00 00 00 00 00-00 00 00 00 00 00 00 00 ................
00:02:12.418245 00007f4fc0001290/0050: 00 00 00 00 00 00 00 00-00 00 00 00 00 00 00 00 ................
00:02:12.418246 00007f4fc00012a0/0060: 00 00 00 00 00 00 00 00-00 00 00 00 00 00 00 00 ................
00:02:12.418248 00007f4fc00012b0/0070: 00 00 00 00 00 00 00 00-00 00 00 00 00 00 00 00 ................
00:02:12.418250 00007f4fc00012c0/0080: 00 00 00 00 00 00 00 00-00 00 00 00 00 00 00 00 ................
00:02:12.418251 00007f4fc00012d0/0090: 00 00 00 00 00 00 00 00-00 00 00 00 00 00 00 00 ................
00:02:12.418253 00007f4fc00012e0/00a0: 00 00 00 00 00 00 00 00-00 00 00 00 00 00 00 00 ................
00:02:12.418254 00007f4fc00012f0/00b0: 00 00 00 00 00 00 00 00-00 00 00 00 00 00 00 00 ................
00:02:12.418256 00007f4fc0001300/00c0: 00 00 00 00 00 00 00 00-00 00 00 00 00 00 00 00 ................
00:02:12.418257 00007f4fc0001310/00d0: 00 00 00 00 00 00 00 00-00 00 00 00 00 00 00 00 ................
00:02:12.418259 00007f4fc0001320/00e0: 00 00 00 00 00 00 00 00-00 00 00 00 63 82 53 63 ............c.Sc
00:02:12.418261 00007f4fc0001330/00f0: 36 04 c0 a8 38 64 35 01-05 01 04 ff ff ff 00 33 6...8d5........3
00:02:12.418262 00007f4fc0001340/0100: 04 00 00 02 58 ff 00 00-00 00 00 00 00 00 00 00 ....X...........
00:02:12.418264 00007f4fc0001350/0110: 00 00 00 00 00 00 00 00-00 00 00 00 00 00 00 00 ................
00:02:12.418267 00007f4fc0001360/0120: 00 00 00 00 00 00 00 00-00 00 00 00 00 00 00 00 ................
00:02:12.418269 00007f4fc0001370/0130: 00 00 00 00 00 00 00 00-00 00 00 00 00 00 00 00 ................
00:02:12.418272 00007f4fc0001380/0140: 00 00 00 00 00 00 00 00-00 00 00 00 00 00 00 00 ................
00:02:12.418274 00007f4fc0001390/0150: 00 00 00 00 00 00 00 00-00 00 00 00 00 00 00 00 ................
00:02:12.418276 00007f4fc00013a0/0160: 00 00 00 00 00 00 00 00-00 00 00 00 00 00 00 00 ................
00:02:12.418279 00007f4fc00013b0/0170: 00 00 00 00 00 00 00 00-00 00 00 00 00 00 00 00 ................
00:02:12.418282 00007f4fc00013c0/0180: 00 00 00 00 00 00 00 00-00 00 00 00 00 00 00 00 ................
00:02:12.418284 00007f4fc00013d0/0190: 00 00 00 00 00 00 00 00-00 00 00 00 00 00 00 00 ................
00:02:12.418287 00007f4fc00013e0/01a0: 00 00 00 00 00 00 00 00-00 00 00 00 00 00 00 00 ................
00:02:12.418289 00007f4fc00013f0/01b0: 00 00 00 00 00 00 00 00-00 00 00 00 00 00 00 00 ................
00:02:12.418292 00007f4fc0001400/01c0: 00 00 00 00 00 00 00 00-00 00 00 00 00 00 00 00 ................
00:02:12.418295 00007f4fc0001410/01d0: 00 00 00 00 00 00 00 00-00 00 00 00 00 00 00 00 ................
00:02:12.418297 00007f4fc0001420/01e0: 00 00 00 00 00 00 00 00-00 00 00 00 00 00 00 00 ................
00:02:12.418300 00007f4fc0001430/01f0: 00 00 00 00 00 00 00 00-00 00 00 00 00 00 00 00 ................
00:02:12.418302 00007f4fc0001440/0200: 00 00 00 00 00 00 00 00-00 00 00 00 00 00 00 00 ................
00:02:12.418303 00007f4fc0001450/0210: 00 00 00 00 00 00 00 00-00 00 00 00 00 00 00 00 ................
00:02:12.418305 00007f4fc0001460/0220: 00 00 00 00                                     ....
