00:00:00.563572 VirtualBox GUI VM Selector Window 6.1.14 r140239 linux.amd64 (Sep  7 2020 21:01:30) release log
00:00:00.563574 Log opened 2020-09-23T17:22:37.618028000Z
00:00:00.563574 Build Type: release
00:00:00.563576 OS Product: Linux
00:00:00.563577 OS Release: 5.8.10-arch1-1
00:00:00.563578 OS Version: #1 SMP PREEMPT Thu, 17 Sep 2020 18:01:06 +0000
00:00:00.563598 DMI Product Name: X556UQK
00:00:00.563604 DMI Product Version: 1.0       
00:00:00.563607 Firmware type: UEFI
00:00:00.564254 Secure Boot: Disabled
00:00:00.564292 Host RAM: 7713MB (7.5GB) total, 1477MB available
00:00:00.564294 Executable: /usr/lib/virtualbox/VirtualBox
00:00:00.564295 Process ID: 27393
00:00:00.564295 Package type: LINUX_64BITS_GENERIC (OSE)
00:00:00.564330 Qt version: 5.15.1
00:00:00.578295 GUI: UIMediumEnumerator: Medium-enumeration started...
00:00:01.289594 GUI: UIDesktopWidgetWatchdog::sltHandleHostScreenAvailableGeometryCalculated: Screen 0 work area is actually resized to: 970x40 x 910x475
00:00:01.299883 GUI: UIMediumEnumerator: Medium-enumeration finished!
00:00:28.538831 GUI: UIMediumEnumerator: Medium-enumeration finished!
00:00:59.550711 GUI: UIMediumEnumerator: Medium-enumeration finished!
00:01:00.327346 GUI: UIMediumEnumerator: Medium-enumeration finished!
00:01:00.368816 GUI: UIMediumEnumerator: Medium-enumeration finished!
00:01:21.064760 GUI: UIMediumEnumerator: Medium-enumeration finished!
00:02:14.588256 GUI: UIMediumEnumerator: Medium-enumeration finished!
00:02:14.686911 GUI: UIMediumEnumerator: Medium-enumeration finished!
00:03:01.304475 GUI: UIMediumEnumerator: Medium-enumeration finished!
00:03:01.313830 GUI: UIMediumEnumerator: Medium-enumeration finished!
00:03:22.940941 GUI: UIMediumEnumerator: Medium-enumeration finished!
00:05:41.877771 GUI: UIMediumEnumerator: Medium-enumeration finished!
00:05:41.903926 GUI: UIMediumEnumerator: Medium-enumeration finished!
00:07:03.091512 GUI: UIMediumEnumerator: Medium-enumeration finished!
00:08:03.081633 GUI: UIMediumEnumerator: Medium-enumeration finished!
00:16:27.564515 GUI: UIMediumEnumerator: Medium-enumeration finished!
