[2020-09-09 15:01:29.622] [renderer1] [error] [ms-python.python]: Proposed API is only available when running out of dev or with the following command line switch: --enable-proposed-api ms-python.python: Error: [ms-python.python]: Proposed API is only available when running out of dev or with the following command line switch: --enable-proposed-api ms-python.python
	at a (/usr/lib/code/out/vs/workbench/services/extensions/node/extensionHostProcess.js:605:324)
	at Object.t.checkProposedApiEnabled (/usr/lib/code/out/vs/workbench/services/extensions/node/extensionHostProcess.js:605:686)
	at Object.get activeNotebookEditor [as activeNotebookEditor] (/usr/lib/code/out/vs/workbench/services/extensions/node/extensionHostProcess.js:952:10)
	at u.get activeNotebookEditor [as activeNotebookEditor] (/home/nice/.vscode-oss/extensions/ms-python.python-2020.8.106424/out/client/extension.js:54:512366)
	at g.provideCodeLenses (/home/nice/.vscode-oss/extensions/ms-python.python-2020.8.106424/out/client/extension.js:56:230908)
	at /usr/lib/code/out/vs/workbench/services/extensions/node/extensionHostProcess.js:678:391
	at /usr/lib/code/out/vs/workbench/services/extensions/node/extensionHostProcess.js:52:136
	at new Promise (<anonymous>)
	at Object.t.asPromise (/usr/lib/code/out/vs/workbench/services/extensions/node/extensionHostProcess.js:52:108)
	at _.provideCodeLenses (/usr/lib/code/out/vs/workbench/services/extensions/node/extensionHostProcess.js:678:362)
	at /usr/lib/code/out/vs/workbench/services/extensions/node/extensionHostProcess.js:699:640
	at K._withAdapter (/usr/lib/code/out/vs/workbench/services/extensions/node/extensionHostProcess.js:698:331)
	at K.$provideCodeLenses (/usr/lib/code/out/vs/workbench/services/extensions/node/extensionHostProcess.js:699:618)
	at m._doInvokeHandler (/usr/lib/code/out/vs/workbench/services/extensions/node/extensionHostProcess.js:819:926)
	at m._invokeHandler (/usr/lib/code/out/vs/workbench/services/extensions/node/extensionHostProcess.js:819:618)
	at m._receiveRequest (/usr/lib/code/out/vs/workbench/services/extensions/node/extensionHostProcess.js:818:201)
	at m._receiveOneMessage (/usr/lib/code/out/vs/workbench/services/extensions/node/extensionHostProcess.js:817:6)
	at /usr/lib/code/out/vs/workbench/services/extensions/node/extensionHostProcess.js:815:161
	at l.fire (/usr/lib/code/out/vs/workbench/services/extensions/node/extensionHostProcess.js:46:222)
	at v.fire (/usr/lib/code/out/vs/workbench/services/extensions/node/extensionHostProcess.js:239:494)
	at /usr/lib/code/out/vs/workbench/services/extensions/node/extensionHostProcess.js:1007:179
	at l.fire (/usr/lib/code/out/vs/workbench/services/extensions/node/extensionHostProcess.js:46:222)
	at v.fire (/usr/lib/code/out/vs/workbench/services/extensions/node/extensionHostProcess.js:239:494)
	at t.PersistentProtocol._receiveMessage (/usr/lib/code/out/vs/workbench/services/extensions/node/extensionHostProcess.js:244:17)
	at /usr/lib/code/out/vs/workbench/services/extensions/node/extensionHostProcess.js:241:67
	at l.fire (/usr/lib/code/out/vs/workbench/services/extensions/node/extensionHostProcess.js:46:222)
	at p.acceptChunk (/usr/lib/code/out/vs/workbench/services/extensions/node/extensionHostProcess.js:236:949)
	at /usr/lib/code/out/vs/workbench/services/extensions/node/extensionHostProcess.js:236:301
	at Socket.t (/usr/lib/code/out/vs/workbench/services/extensions/node/extensionHostProcess.js:245:573)
	at Socket.emit (events.js:203:13)
	at addChunk (_stream_readable.js:295:12)
	at readableAddChunk (_stream_readable.js:276:11)
	at Socket.Readable.push (_stream_readable.js:210:10)
	at Pipe.onStreamRead (internal/stream_base_commons.js:166:17)
[2020-09-09 15:01:35.473] [renderer1] [error] [ms-python.python]: Proposed API is only available when running out of dev or with the following command line switch: --enable-proposed-api ms-python.python: Error: [ms-python.python]: Proposed API is only available when running out of dev or with the following command line switch: --enable-proposed-api ms-python.python
	at a (/usr/lib/code/out/vs/workbench/services/extensions/node/extensionHostProcess.js:605:324)
	at Object.t.checkProposedApiEnabled (/usr/lib/code/out/vs/workbench/services/extensions/node/extensionHostProcess.js:605:686)
	at Object.get activeNotebookEditor [as activeNotebookEditor] (/usr/lib/code/out/vs/workbench/services/extensions/node/extensionHostProcess.js:952:10)
	at u.get activeNotebookEditor [as activeNotebookEditor] (/home/nice/.vscode-oss/extensions/ms-python.python-2020.8.106424/out/client/extension.js:54:512366)
	at g.provideCodeLenses (/home/nice/.vscode-oss/extensions/ms-python.python-2020.8.106424/out/client/extension.js:56:230908)
	at /usr/lib/code/out/vs/workbench/services/extensions/node/extensionHostProcess.js:678:391
	at /usr/lib/code/out/vs/workbench/services/extensions/node/extensionHostProcess.js:52:136
	at new Promise (<anonymous>)
	at Object.t.asPromise (/usr/lib/code/out/vs/workbench/services/extensions/node/extensionHostProcess.js:52:108)
	at _.provideCodeLenses (/usr/lib/code/out/vs/workbench/services/extensions/node/extensionHostProcess.js:678:362)
	at /usr/lib/code/out/vs/workbench/services/extensions/node/extensionHostProcess.js:699:640
	at K._withAdapter (/usr/lib/code/out/vs/workbench/services/extensions/node/extensionHostProcess.js:698:331)
	at K.$provideCodeLenses (/usr/lib/code/out/vs/workbench/services/extensions/node/extensionHostProcess.js:699:618)
	at m._doInvokeHandler (/usr/lib/code/out/vs/workbench/services/extensions/node/extensionHostProcess.js:819:926)
	at m._invokeHandler (/usr/lib/code/out/vs/workbench/services/extensions/node/extensionHostProcess.js:819:618)
	at m._receiveRequest (/usr/lib/code/out/vs/workbench/services/extensions/node/extensionHostProcess.js:818:201)
	at m._receiveOneMessage (/usr/lib/code/out/vs/workbench/services/extensions/node/extensionHostProcess.js:817:6)
	at /usr/lib/code/out/vs/workbench/services/extensions/node/extensionHostProcess.js:815:161
	at l.fire (/usr/lib/code/out/vs/workbench/services/extensions/node/extensionHostProcess.js:46:222)
	at v.fire (/usr/lib/code/out/vs/workbench/services/extensions/node/extensionHostProcess.js:239:494)
	at /usr/lib/code/out/vs/workbench/services/extensions/node/extensionHostProcess.js:1007:179
	at l.fire (/usr/lib/code/out/vs/workbench/services/extensions/node/extensionHostProcess.js:46:222)
	at v.fire (/usr/lib/code/out/vs/workbench/services/extensions/node/extensionHostProcess.js:239:494)
	at t.PersistentProtocol._receiveMessage (/usr/lib/code/out/vs/workbench/services/extensions/node/extensionHostProcess.js:244:17)
	at /usr/lib/code/out/vs/workbench/services/extensions/node/extensionHostProcess.js:241:67
	at l.fire (/usr/lib/code/out/vs/workbench/services/extensions/node/extensionHostProcess.js:46:222)
	at p.acceptChunk (/usr/lib/code/out/vs/workbench/services/extensions/node/extensionHostProcess.js:236:949)
	at /usr/lib/code/out/vs/workbench/services/extensions/node/extensionHostProcess.js:236:301
	at Socket.t (/usr/lib/code/out/vs/workbench/services/extensions/node/extensionHostProcess.js:245:573)
	at Socket.emit (events.js:203:13)
	at addChunk (_stream_readable.js:295:12)
	at readableAddChunk (_stream_readable.js:276:11)
	at Socket.Readable.push (_stream_readable.js:210:10)
	at Pipe.onStreamRead (internal/stream_base_commons.js:166:17)
