[2020-09-09 14:35:08.518] [exthost] [info] extension host started
[2020-09-09 14:35:08.605] [exthost] [info] ExtensionService#_doActivateExtension DavidWang.ini-for-vscode {"startup":false,"extensionId":{"value":"DavidWang.ini-for-vscode","_lower":"davidwang.ini-for-vscode"},"activationEvent":"onLanguage:ini"}
[2020-09-09 14:35:08.606] [exthost] [info] ExtensionService#loadCommonJSModule file:///home/nice/.vscode-oss/extensions/davidwang.ini-for-vscode-0.0.4/src/extension
[2020-09-09 14:35:08.634] [exthost] [info] ExtensionService#_doActivateExtension vscode.debug-auto-launch {"startup":true,"extensionId":{"value":"vscode.debug-auto-launch","_lower":"vscode.debug-auto-launch"},"activationEvent":"*"}
[2020-09-09 14:35:08.635] [exthost] [info] ExtensionService#loadCommonJSModule file:///usr/lib/code/extensions/debug-auto-launch/dist/extension
[2020-09-09 14:35:08.643] [exthost] [info] ExtensionService#_doActivateExtension vscode.emmet {"startup":true,"extensionId":{"value":"vscode.emmet","_lower":"vscode.emmet"},"activationEvent":"*"}
[2020-09-09 14:35:08.643] [exthost] [info] ExtensionService#loadCommonJSModule file:///usr/lib/code/extensions/emmet/dist/node/emmetNodeMain
[2020-09-09 14:35:08.662] [exthost] [info] ExtensionService#_doActivateExtension vscode.git {"startup":true,"extensionId":{"value":"vscode.github","_lower":"vscode.github"},"activationEvent":"*"}
[2020-09-09 14:35:08.663] [exthost] [info] ExtensionService#loadCommonJSModule file:///usr/lib/code/extensions/git/dist/main
[2020-09-09 14:35:08.690] [exthost] [info] ExtensionService#_doActivateExtension vscode.github-authentication {"startup":true,"extensionId":{"value":"vscode.github-authentication","_lower":"vscode.github-authentication"},"activationEvent":"*"}
[2020-09-09 14:35:08.690] [exthost] [info] ExtensionService#loadCommonJSModule file:///usr/lib/code/extensions/github-authentication/dist/extension.js
[2020-09-09 14:35:08.701] [exthost] [info] ExtensionService#_doActivateExtension vscode.merge-conflict {"startup":true,"extensionId":{"value":"vscode.merge-conflict","_lower":"vscode.merge-conflict"},"activationEvent":"*"}
[2020-09-09 14:35:08.701] [exthost] [info] ExtensionService#loadCommonJSModule file:///usr/lib/code/extensions/merge-conflict/dist/mergeConflictMain
[2020-09-09 14:35:08.705] [exthost] [info] ExtensionService#_doActivateExtension vscode.microsoft-authentication {"startup":true,"extensionId":{"value":"vscode.microsoft-authentication","_lower":"vscode.microsoft-authentication"},"activationEvent":"*"}
[2020-09-09 14:35:08.705] [exthost] [info] ExtensionService#loadCommonJSModule file:///usr/lib/code/extensions/microsoft-authentication/dist/extension.js
[2020-09-09 14:35:08.715] [exthost] [info] ExtensionService#_doActivateExtension vscode.search-result {"startup":true,"extensionId":{"value":"vscode.search-result","_lower":"vscode.search-result"},"activationEvent":"*"}
[2020-09-09 14:35:08.715] [exthost] [info] ExtensionService#loadCommonJSModule file:///usr/lib/code/extensions/search-result/dist/extension.js
[2020-09-09 14:35:08.943] [exthost] [info] ExtensionService#_doActivateExtension vscode.github {"startup":true,"extensionId":{"value":"vscode.github","_lower":"vscode.github"},"activationEvent":"*"}
[2020-09-09 14:35:08.943] [exthost] [info] ExtensionService#loadCommonJSModule file:///usr/lib/code/extensions/github/dist/extension.js
[2020-09-09 14:35:09.036] [exthost] [info] eager extensions activated
[2020-09-09 15:01:25.666] [exthost] [info] ExtensionService#_doActivateExtension vscode.python {"startup":false,"extensionId":{"value":"vscode.python","_lower":"vscode.python"},"activationEvent":"onLanguage:python"}
[2020-09-09 15:01:25.666] [exthost] [info] ExtensionService#loadCommonJSModule file:///usr/lib/code/extensions/python/dist/pythonMain
[2020-09-09 15:01:25.668] [exthost] [info] ExtensionService#_doActivateExtension ms-python.python {"startup":false,"extensionId":{"value":"ms-python.python","_lower":"ms-python.python"},"activationEvent":"onLanguage:python"}
[2020-09-09 15:01:25.668] [exthost] [info] ExtensionService#loadCommonJSModule file:///home/nice/.vscode-oss/extensions/ms-python.python-2020.8.106424/out/client/extension
[2020-09-09 15:01:26.290] [exthost] [info] ExtensionService#_doActivateExtension VisualStudioExptTeam.vscodeintellicode {"startup":false,"extensionId":{"value":"VisualStudioExptTeam.vscodeintellicode","_lower":"visualstudioexptteam.vscodeintellicode"},"activationEvent":"onLanguage:python"}
[2020-09-09 15:01:26.290] [exthost] [info] ExtensionService#loadCommonJSModule file:///home/nice/.vscode-oss/extensions/visualstudioexptteam.vscodeintellicode-1.2.10/dist/intellicode
[2020-09-09 15:01:28.444] [exthost] [error] [ms-python.python] provider FAILED
[2020-09-09 15:01:28.446] [exthost] [error] Error: [ms-python.python]: Proposed API is only available when running out of dev or with the following command line switch: --enable-proposed-api ms-python.python
	at a (/usr/lib/code/out/vs/workbench/services/extensions/node/extensionHostProcess.js:605:324)
	at Object.t.checkProposedApiEnabled (/usr/lib/code/out/vs/workbench/services/extensions/node/extensionHostProcess.js:605:686)
	at Object.get activeNotebookEditor [as activeNotebookEditor] (/usr/lib/code/out/vs/workbench/services/extensions/node/extensionHostProcess.js:952:10)
	at u.get activeNotebookEditor [as activeNotebookEditor] (/home/nice/.vscode-oss/extensions/ms-python.python-2020.8.106424/out/client/extension.js:54:512366)
	at g.provideCodeLenses (/home/nice/.vscode-oss/extensions/ms-python.python-2020.8.106424/out/client/extension.js:56:230908)
	at /usr/lib/code/out/vs/workbench/services/extensions/node/extensionHostProcess.js:678:391
	at /usr/lib/code/out/vs/workbench/services/extensions/node/extensionHostProcess.js:52:136
	at new Promise (<anonymous>)
	at Object.t.asPromise (/usr/lib/code/out/vs/workbench/services/extensions/node/extensionHostProcess.js:52:108)
	at _.provideCodeLenses (/usr/lib/code/out/vs/workbench/services/extensions/node/extensionHostProcess.js:678:362)
	at /usr/lib/code/out/vs/workbench/services/extensions/node/extensionHostProcess.js:699:640
	at K._withAdapter (/usr/lib/code/out/vs/workbench/services/extensions/node/extensionHostProcess.js:698:331)
	at K.$provideCodeLenses (/usr/lib/code/out/vs/workbench/services/extensions/node/extensionHostProcess.js:699:618)
	at m._doInvokeHandler (/usr/lib/code/out/vs/workbench/services/extensions/node/extensionHostProcess.js:819:926)
	at m._invokeHandler (/usr/lib/code/out/vs/workbench/services/extensions/node/extensionHostProcess.js:819:618)
	at m._receiveRequest (/usr/lib/code/out/vs/workbench/services/extensions/node/extensionHostProcess.js:818:201)
	at m._receiveOneMessage (/usr/lib/code/out/vs/workbench/services/extensions/node/extensionHostProcess.js:817:6)
	at /usr/lib/code/out/vs/workbench/services/extensions/node/extensionHostProcess.js:815:161
	at l.fire (/usr/lib/code/out/vs/workbench/services/extensions/node/extensionHostProcess.js:46:222)
	at v.fire (/usr/lib/code/out/vs/workbench/services/extensions/node/extensionHostProcess.js:239:494)
	at /usr/lib/code/out/vs/workbench/services/extensions/node/extensionHostProcess.js:1007:179
	at l.fire (/usr/lib/code/out/vs/workbench/services/extensions/node/extensionHostProcess.js:46:222)
	at v.fire (/usr/lib/code/out/vs/workbench/services/extensions/node/extensionHostProcess.js:239:494)
	at t.PersistentProtocol._receiveMessage (/usr/lib/code/out/vs/workbench/services/extensions/node/extensionHostProcess.js:244:17)
	at /usr/lib/code/out/vs/workbench/services/extensions/node/extensionHostProcess.js:241:67
	at l.fire (/usr/lib/code/out/vs/workbench/services/extensions/node/extensionHostProcess.js:46:222)
	at p.acceptChunk (/usr/lib/code/out/vs/workbench/services/extensions/node/extensionHostProcess.js:236:949)
	at /usr/lib/code/out/vs/workbench/services/extensions/node/extensionHostProcess.js:236:301
	at Socket.t (/usr/lib/code/out/vs/workbench/services/extensions/node/extensionHostProcess.js:245:573)
	at Socket.emit (events.js:203:13)
	at addChunk (_stream_readable.js:295:12)
	at readableAddChunk (_stream_readable.js:276:11)
	at Socket.Readable.push (_stream_readable.js:210:10)
	at Pipe.onStreamRead (internal/stream_base_commons.js:166:17)
[2020-09-09 15:01:35.472] [exthost] [error] [ms-python.python] provider FAILED
[2020-09-09 15:01:35.472] [exthost] [error] Error: [ms-python.python]: Proposed API is only available when running out of dev or with the following command line switch: --enable-proposed-api ms-python.python
	at a (/usr/lib/code/out/vs/workbench/services/extensions/node/extensionHostProcess.js:605:324)
	at Object.t.checkProposedApiEnabled (/usr/lib/code/out/vs/workbench/services/extensions/node/extensionHostProcess.js:605:686)
	at Object.get activeNotebookEditor [as activeNotebookEditor] (/usr/lib/code/out/vs/workbench/services/extensions/node/extensionHostProcess.js:952:10)
	at u.get activeNotebookEditor [as activeNotebookEditor] (/home/nice/.vscode-oss/extensions/ms-python.python-2020.8.106424/out/client/extension.js:54:512366)
	at g.provideCodeLenses (/home/nice/.vscode-oss/extensions/ms-python.python-2020.8.106424/out/client/extension.js:56:230908)
	at /usr/lib/code/out/vs/workbench/services/extensions/node/extensionHostProcess.js:678:391
	at /usr/lib/code/out/vs/workbench/services/extensions/node/extensionHostProcess.js:52:136
	at new Promise (<anonymous>)
	at Object.t.asPromise (/usr/lib/code/out/vs/workbench/services/extensions/node/extensionHostProcess.js:52:108)
	at _.provideCodeLenses (/usr/lib/code/out/vs/workbench/services/extensions/node/extensionHostProcess.js:678:362)
	at /usr/lib/code/out/vs/workbench/services/extensions/node/extensionHostProcess.js:699:640
	at K._withAdapter (/usr/lib/code/out/vs/workbench/services/extensions/node/extensionHostProcess.js:698:331)
	at K.$provideCodeLenses (/usr/lib/code/out/vs/workbench/services/extensions/node/extensionHostProcess.js:699:618)
	at m._doInvokeHandler (/usr/lib/code/out/vs/workbench/services/extensions/node/extensionHostProcess.js:819:926)
	at m._invokeHandler (/usr/lib/code/out/vs/workbench/services/extensions/node/extensionHostProcess.js:819:618)
	at m._receiveRequest (/usr/lib/code/out/vs/workbench/services/extensions/node/extensionHostProcess.js:818:201)
	at m._receiveOneMessage (/usr/lib/code/out/vs/workbench/services/extensions/node/extensionHostProcess.js:817:6)
	at /usr/lib/code/out/vs/workbench/services/extensions/node/extensionHostProcess.js:815:161
	at l.fire (/usr/lib/code/out/vs/workbench/services/extensions/node/extensionHostProcess.js:46:222)
	at v.fire (/usr/lib/code/out/vs/workbench/services/extensions/node/extensionHostProcess.js:239:494)
	at /usr/lib/code/out/vs/workbench/services/extensions/node/extensionHostProcess.js:1007:179
	at l.fire (/usr/lib/code/out/vs/workbench/services/extensions/node/extensionHostProcess.js:46:222)
	at v.fire (/usr/lib/code/out/vs/workbench/services/extensions/node/extensionHostProcess.js:239:494)
	at t.PersistentProtocol._receiveMessage (/usr/lib/code/out/vs/workbench/services/extensions/node/extensionHostProcess.js:244:17)
	at /usr/lib/code/out/vs/workbench/services/extensions/node/extensionHostProcess.js:241:67
	at l.fire (/usr/lib/code/out/vs/workbench/services/extensions/node/extensionHostProcess.js:46:222)
	at p.acceptChunk (/usr/lib/code/out/vs/workbench/services/extensions/node/extensionHostProcess.js:236:949)
	at /usr/lib/code/out/vs/workbench/services/extensions/node/extensionHostProcess.js:236:301
	at Socket.t (/usr/lib/code/out/vs/workbench/services/extensions/node/extensionHostProcess.js:245:573)
	at Socket.emit (events.js:203:13)
	at addChunk (_stream_readable.js:295:12)
	at readableAddChunk (_stream_readable.js:276:11)
	at Socket.Readable.push (_stream_readable.js:210:10)
	at Pipe.onStreamRead (internal/stream_base_commons.js:166:17)
