Arguments: 
  /usr/lib/hyper/hyper /usr/lib/hyper/resources/bin/yarn-standalone.js install --no-emoji --no-lockfile --cache-folder /home/nice/.hyper_plugins/cache

PATH: 
  undefined

Yarn version: 
  1.3.2

Node version: 
  10.2.0

Platform: 
  linux x64

npm manifest: 
  No manifest

yarn manifest: 
  No manifest

Lockfile: 
  No lockfile

Trace: 
  TypeError: /home/nice/.hyper_plugins/node_modules/core-js: Cannot read property 'folder' of undefined
      at /usr/lib/hyper/resources/bin/yarn-standalone.js:37855:63
      at Generator.next (<anonymous>)
      at step (/usr/lib/hyper/resources/bin/yarn-standalone.js:98:30)
      at /usr/lib/hyper/resources/bin/yarn-standalone.js:109:13
